<!DOCTYPE html PUBLIC "-//W3C//DTD XHTML 1.1//EN" "http://www.w3.org/TR/xhtml11/DTD/xhtml11.dtd">
<html xmlns="http://www.w3.org/1999/xhtml"><head><title>TestNG Report</title><style type="text/css">table {margin-bottom:10px;border-collapse:collapse;empty-cells:show}th,td {border:1px solid #009;padding:.25em .5em}th {vertical-align:bottom}td {vertical-align:top}table a {font-weight:bold}.stripe td {background-color: #E6EBF9}.num {text-align:right}.passedodd td {background-color: #3F3}.passedeven td {background-color: #0A0}.skippedodd td {background-color: #DDD}.skippedeven td {background-color: #CCC}.failedodd td,.attn {background-color: #F33}.failedeven td,.stripe .attn {background-color: #D00}.stacktrace {white-space:pre;font-family:monospace}.totop {font-size:85%;text-align:center;border-bottom:2px solid #000}</style></head><body><center><h1>TestNG Report - 2014-04-28 09:08:19 PM</h1></center><table><tr><th>Test</th><th># Passed</th><th># Skipped</th><th># Failed</th><th>Seconds</th><th>Included Groups</th><th>Excluded Groups</th></tr><tr><th colspan="7">Main Test Suite</th></tr><tr><td><a href="#t0">Main Test Group</a></td><td class="num">18</td><td class="num attn">3</td><td class="num attn">1</td><td class="num">13.99</td><td></td><td></td></tr><tr><th>Total</th><th class="num">18</th><th class="num attn">3</th><th class="num attn">1</th><th class="num">13.99</th><th colspan="2"></th></tr></table><table><thead><tr><th>Class</th><th>Method</th><th>Name</th><th>Start</th><th>Seconds</th></tr></thead><tbody><tr><th colspan="5">Main Test Suite</th></tr></tbody><tbody id="t0"><tr><th colspan="5">Main Test Group &#8212; failed</th></tr><tr class="failedeven"><td rowspan="1">qa.tests.FailTest</td><td><a href="#m0">showFailure</a></td><td rowspan="1">682c5358</td><td rowspan="1">21:08:06 PM</td><td rowspan="1">1.8</td></tr><tr><th colspan="5">Main Test Group &#8212; skipped (configuration methods)</th></tr><tr class="skippedeven"><td rowspan="1">qa.tests.BeforeTestSkip</td><td><a href="#m1">setUp</a></td><td rowspan="1">765099ec</td><td rowspan="1">21:08:05 PM</td><td rowspan="1">0</td></tr><tr><th colspan="5">Main Test Group &#8212; skipped</th></tr><tr class="skippedeven"><td rowspan="1">qa.tests.BeforeTestSkip</td><td><a href="#m2">arraysFailures_3</a></td><td rowspan="1">765099ec</td><td rowspan="1">21:08:05 PM</td><td rowspan="1">0</td></tr><tr class="skippedodd"><td rowspan="2">qa.tests.SkipTest</td><td><a href="#m3">testSkipException</a></td><td rowspan="1">bf158872</td><td rowspan="2">21:08:07 PM</td><td rowspan="2">0.55</td></tr><tr class="skippedodd"><td><a href="#m4">testSkipException</a></td><td rowspan="1">bf158872</td></tr><tr><th colspan="5">Main Test Group &#8212; passed</th></tr><tr class="passedeven"><td rowspan="8">qa.tests.AssertTests1</td><td><a href="#m5">arraysFailures_1</a></td><td rowspan="1">5e4b221b</td><td rowspan="1">21:08:05 PM</td><td rowspan="1">1.7</td></tr><tr class="passedeven"><td><a href="#m6">arraysFailures_2</a></td><td rowspan="1">2200b811</td><td rowspan="1">21:08:07 PM</td><td rowspan="1">1.64</td></tr><tr class="passedeven"><td><a href="#m7">arraysFailures_3</a></td><td rowspan="1">4d28bf1a</td><td rowspan="1">21:08:08 PM</td><td rowspan="1">1.83</td></tr><tr class="passedeven"><td><a href="#m8">intArray_Issue4</a></td><td rowspan="1">c125267a</td><td rowspan="1">21:08:10 PM</td><td rowspan="1">0.57</td></tr><tr class="passedeven"><td><a href="#m9">int_Integer_Arrays</a></td><td rowspan="1">593fabae</td><td rowspan="1">21:08:11 PM</td><td rowspan="1">0.86</td></tr><tr class="passedeven"><td><a href="#m10">noOrderFailure</a></td><td rowspan="1">eb4e4b80</td><td rowspan="1">21:08:11 PM</td><td rowspan="1">1.73</td></tr><tr class="passedeven"><td><a href="#m11">noOrderSuccess</a></td><td rowspan="1">cda1e508</td><td rowspan="1">21:08:13 PM</td><td rowspan="1">1.89</td></tr><tr class="passedeven"><td><a href="#m12">setsSuccess</a></td><td rowspan="1">a74b77e0</td><td rowspan="1">21:08:15 PM</td><td rowspan="1">0.96</td></tr><tr class="passedodd"><td rowspan="8">qa.tests.AssertTests2</td><td><a href="#m13">arraysFailures_1</a></td><td rowspan="1">9232df14</td><td rowspan="1">21:08:05 PM</td><td rowspan="1">0.54</td></tr><tr class="passedodd"><td><a href="#m14">arraysFailures_2</a></td><td rowspan="1">1a59f4b5</td><td rowspan="1">21:08:05 PM</td><td rowspan="1">2.42</td></tr><tr class="passedodd"><td><a href="#m15">arraysFailures_3</a></td><td rowspan="1">aaed3fe6</td><td rowspan="1">21:08:08 PM</td><td rowspan="1">2.64</td></tr><tr class="passedodd"><td><a href="#m16">intArray_Issue4</a></td><td rowspan="1">ba958a44</td><td rowspan="1">21:08:10 PM</td><td rowspan="1">2.86</td></tr><tr class="passedodd"><td><a href="#m17">int_Integer_Arrays</a></td><td rowspan="1">98b47727</td><td rowspan="1">21:08:13 PM</td><td rowspan="1">0.98</td></tr><tr class="passedodd"><td><a href="#m18">noOrderFailure</a></td><td rowspan="1">99aa0d1a</td><td rowspan="1">21:08:14 PM</td><td rowspan="1">1.08</td></tr><tr class="passedodd"><td><a href="#m19">noOrderSuccess</a></td><td rowspan="1">3351ce2b</td><td rowspan="1">21:08:15 PM</td><td rowspan="1">1.76</td></tr><tr class="passedodd"><td><a href="#m20">setsSuccess</a></td><td rowspan="1">27993da1</td><td rowspan="1">21:08:17 PM</td><td rowspan="1">1.7</td></tr><tr class="passedeven"><td rowspan="1">qa.tests.FailTest</td><td><a href="#m21">setsSuccess</a></td><td rowspan="1">0a552ea7</td><td rowspan="1">21:08:05 PM</td><td rowspan="1">0.95</td></tr><tr class="passedodd"><td rowspan="1">qa.tests.SkipTest</td><td><a href="#m22">setsSuccess</a></td><td rowspan="1">1bd04ca7</td><td rowspan="1">21:08:05 PM</td><td rowspan="1">2.23</td></tr></tbody></table><h2>Main Test Group</h2><h3 id="m0">qa.tests.FailTest#showFailure ( 682c5358 )</h3><table class="result"><tr><th>Exception</th></tr><tr><td><div class="stacktrace">java.lang.AssertionError: null
	at qa.tests.FailTest.showFailure(FailTest.java:40)
	at java.util.concurrent.ThreadPoolExecutor.runWorker(ThreadPoolExecutor.java:1142)
	at java.util.concurrent.ThreadPoolExecutor$Worker.run(ThreadPoolExecutor.java:617)
	at java.lang.Thread.run(Thread.java:745)
... Removed 12 stack frames</div></td></tr></table><p class="totop"><a href="#summary">back to summary</a></p><h3 id="m1">qa.tests.BeforeTestSkip#setUp ( 765099ec )</h3><table class="result"><tr><th>Exception</th></tr><tr><td><div class="stacktrace">org.testng.SkipException: SkipException thrown in setUp method.
	at qa.tests.BeforeTestSkip.setUp(BeforeTestSkip.java:24)
	at java.util.concurrent.ThreadPoolExecutor.runWorker(ThreadPoolExecutor.java:1142)
	at java.util.concurrent.ThreadPoolExecutor$Worker.run(ThreadPoolExecutor.java:617)
	at java.lang.Thread.run(Thread.java:745)
... Removed 12 stack frames</div></td></tr></table><p class="totop"><a href="#summary">back to summary</a></p><h3 id="m2">qa.tests.BeforeTestSkip#arraysFailures_3 ( 765099ec )</h3><table class="result"></table><p class="totop"><a href="#summary">back to summary</a></p><h3 id="m3">qa.tests.SkipTest#testSkipException ( bf158872 )</h3><table class="result"><tr class="param"><th>Parameter #1</th><th>Parameter #2</th></tr><tr class="param stripe"><td>Iteration1</td><td>36</td></tr><tr><th colspan="2">Exception</th></tr><tr><td colspan="2"><div class="stacktrace">org.testng.SkipException: Testing SkipException effect on report output.
	at qa.tests.SkipTest.testSkipException(SkipTest.java:28)
	at java.util.concurrent.ThreadPoolExecutor.runWorker(ThreadPoolExecutor.java:1142)
	at java.util.concurrent.ThreadPoolExecutor$Worker.run(ThreadPoolExecutor.java:617)
	at java.lang.Thread.run(Thread.java:745)
... Removed 10 stack frames</div></td></tr></table><p class="totop"><a href="#summary">back to summary</a></p><h3 id="m4">qa.tests.SkipTest#testSkipException ( bf158872 )</h3><table class="result"><tr class="param"><th>Parameter #1</th><th>Parameter #2</th></tr><tr class="param stripe"><td>Iteration2</td><td>37</td></tr><tr><th colspan="2">Exception</th></tr><tr><td colspan="2"><div class="stacktrace">org.testng.SkipException: Testing SkipException effect on report output.
	at qa.tests.SkipTest.testSkipException(SkipTest.java:28)
	at java.util.concurrent.ThreadPoolExecutor.runWorker(ThreadPoolExecutor.java:1142)
	at java.util.concurrent.ThreadPoolExecutor$Worker.run(ThreadPoolExecutor.java:617)
	at java.lang.Thread.run(Thread.java:745)
... Removed 10 stack frames</div></td></tr></table><p class="totop"><a href="#summary">back to summary</a></p><h3 id="m5">qa.tests.AssertTests1#arraysFailures_1 ( 5e4b221b )</h3><table class="result"><tr><th>Expected Exception</th></tr><tr><td><div class="stacktrace">java.lang.AssertionError:  expected [[J@7651dd54] but found [[I@6b9d6ec4]
	at qa.tests.AssertTests1.arraysFailures_1(AssertTests1.java:61)
	at java.util.concurrent.ThreadPoolExecutor.runWorker(ThreadPoolExecutor.java:1142)
	at java.util.concurrent.ThreadPoolExecutor$Worker.run(ThreadPoolExecutor.java:617)
	at java.lang.Thread.run(Thread.java:745)
... Removed 15 stack frames</div></td></tr></table><p class="totop"><a href="#summary">back to summary</a></p><h3 id="m6">qa.tests.AssertTests1#arraysFailures_2 ( 2200b811 )</h3><table class="result"><tr><th>Expected Exception</th></tr><tr><td><div class="stacktrace">java.lang.AssertionError: expected [1] but found [[I@4261e82f]
	at qa.tests.AssertTests1.arraysFailures_2(AssertTests1.java:68)
	at java.util.concurrent.ThreadPoolExecutor.runWorker(ThreadPoolExecutor.java:1142)
	at java.util.concurrent.ThreadPoolExecutor$Worker.run(ThreadPoolExecutor.java:617)
	at java.lang.Thread.run(Thread.java:745)
... Removed 14 stack frames</div></td></tr></table><p class="totop"><a href="#summary">back to summary</a></p><h3 id="m7">qa.tests.AssertTests1#arraysFailures_3 ( 4d28bf1a )</h3><table class="result"><tr><th>Expected Exception</th></tr><tr><td><div class="stacktrace">java.lang.AssertionError: expected [[J@3e6c77d9] but found [1]
	at qa.tests.AssertTests1.arraysFailures_3(AssertTests1.java:75)
	at java.util.concurrent.ThreadPoolExecutor.runWorker(ThreadPoolExecutor.java:1142)
	at java.util.concurrent.ThreadPoolExecutor$Worker.run(ThreadPoolExecutor.java:617)
	at java.lang.Thread.run(Thread.java:745)
... Removed 15 stack frames</div></td></tr></table><p class="totop"><a href="#summary">back to summary</a></p><h3 id="m8">qa.tests.AssertTests1#intArray_Issue4 ( c125267a )</h3><table class="result"></table><p class="totop"><a href="#summary">back to summary</a></p><h3 id="m9">qa.tests.AssertTests1#int_Integer_Arrays ( 593fabae )</h3><table class="result"></table><p class="totop"><a href="#summary">back to summary</a></p><h3 id="m10">qa.tests.AssertTests1#noOrderFailure ( eb4e4b80 )</h3><table class="result"><tr><th>Expected Exception</th></tr><tr><td><div class="stacktrace">java.lang.AssertionError: Arrays not equal: [a, b, b] and [a, a, b]
	at qa.tests.AssertTests1.noOrderFailure(AssertTests1.java:36)
	at java.util.concurrent.ThreadPoolExecutor.runWorker(ThreadPoolExecutor.java:1142)
	at java.util.concurrent.ThreadPoolExecutor$Worker.run(ThreadPoolExecutor.java:617)
	at java.lang.Thread.run(Thread.java:745)
... Removed 14 stack frames</div></td></tr></table><p class="totop"><a href="#summary">back to summary</a></p><h3 id="m11">qa.tests.AssertTests1#noOrderSuccess ( cda1e508 )</h3><table class="result"></table><p class="totop"><a href="#summary">back to summary</a></p><h3 id="m12">qa.tests.AssertTests1#setsSuccess ( a74b77e0 )</h3><table class="result"></table><p class="totop"><a href="#summary">back to summary</a></p><h3 id="m13">qa.tests.AssertTests2#arraysFailures_1 ( 9232df14 )</h3><table class="result"><tr><th>Expected Exception</th></tr><tr><td><div class="stacktrace">java.lang.AssertionError:  expected [[J@4b65c4dd] but found [[I@37efef9]
	at qa.tests.AssertTests2.arraysFailures_1(AssertTests2.java:60)
	at java.util.concurrent.ThreadPoolExecutor.runWorker(ThreadPoolExecutor.java:1142)
	at java.util.concurrent.ThreadPoolExecutor$Worker.run(ThreadPoolExecutor.java:617)
	at java.lang.Thread.run(Thread.java:745)
... Removed 15 stack frames</div></td></tr></table><p class="totop"><a href="#summary">back to summary</a></p><h3 id="m14">qa.tests.AssertTests2#arraysFailures_2 ( 1a59f4b5 )</h3><table class="result"><tr><th>Expected Exception</th></tr><tr><td><div class="stacktrace">java.lang.AssertionError: expected [1] but found [[I@1b0817f2]
	at qa.tests.AssertTests2.arraysFailures_2(AssertTests2.java:67)
	at java.util.concurrent.ThreadPoolExecutor.runWorker(ThreadPoolExecutor.java:1142)
	at java.util.concurrent.ThreadPoolExecutor$Worker.run(ThreadPoolExecutor.java:617)
	at java.lang.Thread.run(Thread.java:745)
... Removed 14 stack frames</div></td></tr></table><p class="totop"><a href="#summary">back to summary</a></p><h3 id="m15">qa.tests.AssertTests2#arraysFailures_3 ( aaed3fe6 )</h3><table class="result"><tr><th>Expected Exception</th></tr><tr><td><div class="stacktrace">java.lang.AssertionError: expected [[J@8a24a11] but found [1]
	at qa.tests.AssertTests2.arraysFailures_3(AssertTests2.java:74)
	at java.util.concurrent.ThreadPoolExecutor.runWorker(ThreadPoolExecutor.java:1142)
	at java.util.concurrent.ThreadPoolExecutor$Worker.run(ThreadPoolExecutor.java:617)
	at java.lang.Thread.run(Thread.java:745)
... Removed 15 stack frames</div></td></tr></table><p class="totop"><a href="#summary">back to summary</a></p><h3 id="m16">qa.tests.AssertTests2#intArray_Issue4 ( ba958a44 )</h3><table class="result"></table><p class="totop"><a href="#summary">back to summary</a></p><h3 id="m17">qa.tests.AssertTests2#int_Integer_Arrays ( 98b47727 )</h3><table class="result"></table><p class="totop"><a href="#summary">back to summary</a></p><h3 id="m18">qa.tests.AssertTests2#noOrderFailure ( 99aa0d1a )</h3><table class="result"><tr><th>Expected Exception</th></tr><tr><td><div class="stacktrace">java.lang.AssertionError: Arrays not equal: [a, b, b] and [a, a, b]
	at qa.tests.AssertTests2.noOrderFailure(AssertTests2.java:35)
	at java.util.concurrent.ThreadPoolExecutor.runWorker(ThreadPoolExecutor.java:1142)
	at java.util.concurrent.ThreadPoolExecutor$Worker.run(ThreadPoolExecutor.java:617)
	at java.lang.Thread.run(Thread.java:745)
... Removed 14 stack frames</div></td></tr></table><p class="totop"><a href="#summary">back to summary</a></p><h3 id="m19">qa.tests.AssertTests2#noOrderSuccess ( 3351ce2b )</h3><table class="result"></table><p class="totop"><a href="#summary">back to summary</a></p><h3 id="m20">qa.tests.AssertTests2#setsSuccess ( 27993da1 )</h3><table class="result"></table><p class="totop"><a href="#summary">back to summary</a></p><h3 id="m21">qa.tests.FailTest#setsSuccess ( 0a552ea7 )</h3><table class="result"></table><p class="totop"><a href="#summary">back to summary</a></p><h3 id="m22">qa.tests.SkipTest#setsSuccess ( 1bd04ca7 )</h3><table class="result"></table><p class="totop"><a href="#summary">back to summary</a></p></body></html>