<!DOCTYPE html PUBLIC "-//W3C//DTD XHTML 1.1//EN" "http://www.w3.org/TR/xhtml11/DTD/xhtml11.dtd">
<html xmlns="http://www.w3.org/1999/xhtml"><head><title>TestNG Report</title><style type="text/css">table {margin-bottom:10px;border-collapse:collapse;empty-cells:show}th,td {border:1px solid #009;padding:.25em .5em}th {vertical-align:bottom}td {vertical-align:top}table a {font-weight:bold}.stripe td {background-color: #E6EBF9}.num {text-align:right}.passedodd td {background-color: #3F3}.passedeven td {background-color: #0A0}.skippedodd td {background-color: #DDD}.skippedeven td {background-color: #CCC}.failedodd td,.attn {background-color: #F33}.failedeven td,.stripe .attn {background-color: #D00}.stacktrace {white-space:pre;font-family:monospace}.totop {font-size:85%;text-align:center;border-bottom:2px solid #000}</style></head><body><table><tr><th>Test</th><th># Passed</th><th># Skipped</th><th># Failed</th><th>Time (ms)</th><th>Included Groups</th><th>Excluded Groups</th></tr><tr><th colspan="7">Main Test Suite</th></tr><tr><td><a href="#t0">Main Test Group</a></td><td class="num">18</td><td class="num attn">2</td><td class="num attn">1</td><td class="num">18,814</td><td></td><td></td></tr></table><table><thead><tr><th>Class</th><th>Method</th><th>Start</th><th>Time (ms)</th></tr></thead><tbody><tr><th colspan="4">Main Test Suite</th></tr></tbody><tbody id="t0"><tr><th colspan="4">Main Test Group &#8212; failed</th></tr><tr class="failedeven"><td rowspan="1">qa.tests.FailTest</td><td><a href="#m0">showFailure</a></td><td rowspan="1">1398735277195</td><td rowspan="1">701</td></tr><tr><th colspan="4">Main Test Group &#8212; skipped (configuration methods)</th></tr><tr class="skippedeven"><td rowspan="1">qa.tests.BeforeTestSkip</td><td><a href="#m1">setUp</a></td><td rowspan="1">1398735275785</td><td rowspan="1">0</td></tr><tr><th colspan="4">Main Test Group &#8212; skipped</th></tr><tr class="skippedeven"><td rowspan="1">qa.tests.BeforeTestSkip</td><td><a href="#m2">arraysFailures_3</a></td><td rowspan="1">1398735275789</td><td rowspan="1">1</td></tr><tr class="skippedodd"><td rowspan="1">qa.tests.SkipTest</td><td><a href="#m3">testSkipException</a></td><td rowspan="1">1398735277262</td><td rowspan="1">1734</td></tr><tr><th colspan="4">Main Test Group &#8212; passed</th></tr><tr class="passedeven"><td rowspan="8">qa.tests.AssertTests1</td><td><a href="#m4">arraysFailures_1</a></td><td rowspan="1">1398735275785</td><td rowspan="1">2539</td></tr><tr class="passedeven"><td><a href="#m5">arraysFailures_2</a></td><td rowspan="1">1398735278324</td><td rowspan="1">2646</td></tr><tr class="passedeven"><td><a href="#m6">arraysFailures_3</a></td><td rowspan="1">1398735280971</td><td rowspan="1">2406</td></tr><tr class="passedeven"><td><a href="#m7">intArray_Issue4</a></td><td rowspan="1">1398735283377</td><td rowspan="1">1913</td></tr><tr class="passedeven"><td><a href="#m8">int_Integer_Arrays</a></td><td rowspan="1">1398735285290</td><td rowspan="1">2465</td></tr><tr class="passedeven"><td><a href="#m9">noOrderFailure</a></td><td rowspan="1">1398735287755</td><td rowspan="1">2418</td></tr><tr class="passedeven"><td><a href="#m10">noOrderSuccess</a></td><td rowspan="1">1398735290173</td><td rowspan="1">1791</td></tr><tr class="passedeven"><td><a href="#m11">setsSuccess</a></td><td rowspan="1">1398735291964</td><td rowspan="1">2622</td></tr><tr class="passedodd"><td rowspan="8">qa.tests.AssertTests2</td><td><a href="#m12">arraysFailures_1</a></td><td rowspan="1">1398735275785</td><td rowspan="1">627</td></tr><tr class="passedodd"><td><a href="#m13">arraysFailures_2</a></td><td rowspan="1">1398735276413</td><td rowspan="1">1064</td></tr><tr class="passedodd"><td><a href="#m14">arraysFailures_3</a></td><td rowspan="1">1398735277477</td><td rowspan="1">756</td></tr><tr class="passedodd"><td><a href="#m15">intArray_Issue4</a></td><td rowspan="1">1398735278234</td><td rowspan="1">1214</td></tr><tr class="passedodd"><td><a href="#m16">int_Integer_Arrays</a></td><td rowspan="1">1398735279448</td><td rowspan="1">723</td></tr><tr class="passedodd"><td><a href="#m17">noOrderFailure</a></td><td rowspan="1">1398735280171</td><td rowspan="1">2889</td></tr><tr class="passedodd"><td><a href="#m18">noOrderSuccess</a></td><td rowspan="1">1398735283061</td><td rowspan="1">676</td></tr><tr class="passedodd"><td><a href="#m19">setsSuccess</a></td><td rowspan="1">1398735283737</td><td rowspan="1">1580</td></tr><tr class="passedeven"><td rowspan="1">qa.tests.FailTest</td><td><a href="#m20">setsSuccess</a></td><td rowspan="1">1398735275785</td><td rowspan="1">1409</td></tr><tr class="passedodd"><td rowspan="1">qa.tests.SkipTest</td><td><a href="#m21">setsSuccess</a></td><td rowspan="1">1398735275785</td><td rowspan="1">1477</td></tr></tbody></table><h2>Main Test Group</h2><h3 id="m0">qa.tests.FailTest#showFailure</h3><table class="result"><tr><th>Exception</th></tr><tr><td><div class="stacktrace">java.lang.AssertionError: null
	at qa.tests.FailTest.showFailure(FailTest.java:37)
	at java.util.concurrent.ThreadPoolExecutor.runWorker(ThreadPoolExecutor.java:1142)
	at java.util.concurrent.ThreadPoolExecutor$Worker.run(ThreadPoolExecutor.java:617)
	at java.lang.Thread.run(Thread.java:745)
... Removed 12 stack frames</div></td></tr></table><p class="totop"><a href="#summary">back to summary</a></p><h3 id="m1">qa.tests.BeforeTestSkip#setUp</h3><table class="result"><tr><th>Exception</th></tr><tr><td><div class="stacktrace">org.testng.SkipException: SkipException thrown in setUp method.
	at qa.tests.BeforeTestSkip.setUp(BeforeTestSkip.java:21)
	at java.util.concurrent.ThreadPoolExecutor.runWorker(ThreadPoolExecutor.java:1142)
	at java.util.concurrent.ThreadPoolExecutor$Worker.run(ThreadPoolExecutor.java:617)
	at java.lang.Thread.run(Thread.java:745)
... Removed 12 stack frames</div></td></tr></table><p class="totop"><a href="#summary">back to summary</a></p><h3 id="m2">qa.tests.BeforeTestSkip#arraysFailures_3</h3><table class="result"></table><p class="totop"><a href="#summary">back to summary</a></p><h3 id="m3">qa.tests.SkipTest#testSkipException</h3><table class="result"><tr><th>Exception</th></tr><tr><td><div class="stacktrace">org.testng.SkipException: Testing SkipException effect on report output.
	at qa.tests.SkipTest.testSkipException(SkipTest.java:21)
	at java.util.concurrent.ThreadPoolExecutor.runWorker(ThreadPoolExecutor.java:1142)
	at java.util.concurrent.ThreadPoolExecutor$Worker.run(ThreadPoolExecutor.java:617)
	at java.lang.Thread.run(Thread.java:745)
... Removed 10 stack frames</div></td></tr></table><p class="totop"><a href="#summary">back to summary</a></p><h3 id="m4">qa.tests.AssertTests1#arraysFailures_1</h3><table class="result"><tr><th>Expected Exception</th></tr><tr><td><div class="stacktrace">java.lang.AssertionError:  expected [[J@1b06d36a] but found [[I@4d7e3f28]
	at qa.tests.AssertTests1.arraysFailures_1(AssertTests1.java:53)
	at java.util.concurrent.ThreadPoolExecutor.runWorker(ThreadPoolExecutor.java:1142)
	at java.util.concurrent.ThreadPoolExecutor$Worker.run(ThreadPoolExecutor.java:617)
	at java.lang.Thread.run(Thread.java:745)
... Removed 15 stack frames</div></td></tr></table><p class="totop"><a href="#summary">back to summary</a></p><h3 id="m5">qa.tests.AssertTests1#arraysFailures_2</h3><table class="result"><tr><th>Expected Exception</th></tr><tr><td><div class="stacktrace">java.lang.AssertionError: expected [1] but found [[I@290337bb]
	at qa.tests.AssertTests1.arraysFailures_2(AssertTests1.java:60)
	at java.util.concurrent.ThreadPoolExecutor.runWorker(ThreadPoolExecutor.java:1142)
	at java.util.concurrent.ThreadPoolExecutor$Worker.run(ThreadPoolExecutor.java:617)
	at java.lang.Thread.run(Thread.java:745)
... Removed 14 stack frames</div></td></tr></table><p class="totop"><a href="#summary">back to summary</a></p><h3 id="m6">qa.tests.AssertTests1#arraysFailures_3</h3><table class="result"><tr><th>Expected Exception</th></tr><tr><td><div class="stacktrace">java.lang.AssertionError: expected [[J@3808d4b3] but found [1]
	at qa.tests.AssertTests1.arraysFailures_3(AssertTests1.java:67)
	at java.util.concurrent.ThreadPoolExecutor.runWorker(ThreadPoolExecutor.java:1142)
	at java.util.concurrent.ThreadPoolExecutor$Worker.run(ThreadPoolExecutor.java:617)
	at java.lang.Thread.run(Thread.java:745)
... Removed 15 stack frames</div></td></tr></table><p class="totop"><a href="#summary">back to summary</a></p><h3 id="m7">qa.tests.AssertTests1#intArray_Issue4</h3><table class="result"></table><p class="totop"><a href="#summary">back to summary</a></p><h3 id="m8">qa.tests.AssertTests1#int_Integer_Arrays</h3><table class="result"></table><p class="totop"><a href="#summary">back to summary</a></p><h3 id="m9">qa.tests.AssertTests1#noOrderFailure</h3><table class="result"><tr><th>Expected Exception</th></tr><tr><td><div class="stacktrace">java.lang.AssertionError: Arrays not equal: [a, b, b] and [a, a, b]
	at qa.tests.AssertTests1.noOrderFailure(AssertTests1.java:28)
	at java.util.concurrent.ThreadPoolExecutor.runWorker(ThreadPoolExecutor.java:1142)
	at java.util.concurrent.ThreadPoolExecutor$Worker.run(ThreadPoolExecutor.java:617)
	at java.lang.Thread.run(Thread.java:745)
... Removed 14 stack frames</div></td></tr></table><p class="totop"><a href="#summary">back to summary</a></p><h3 id="m10">qa.tests.AssertTests1#noOrderSuccess</h3><table class="result"></table><p class="totop"><a href="#summary">back to summary</a></p><h3 id="m11">qa.tests.AssertTests1#setsSuccess</h3><table class="result"></table><p class="totop"><a href="#summary">back to summary</a></p><h3 id="m12">qa.tests.AssertTests2#arraysFailures_1</h3><table class="result"><tr><th>Expected Exception</th></tr><tr><td><div class="stacktrace">java.lang.AssertionError:  expected [[J@6c46f0ec] but found [[I@23ba0f83]
	at qa.tests.AssertTests2.arraysFailures_1(AssertTests2.java:56)
	at java.util.concurrent.ThreadPoolExecutor.runWorker(ThreadPoolExecutor.java:1142)
	at java.util.concurrent.ThreadPoolExecutor$Worker.run(ThreadPoolExecutor.java:617)
	at java.lang.Thread.run(Thread.java:745)
... Removed 15 stack frames</div></td></tr></table><p class="totop"><a href="#summary">back to summary</a></p><h3 id="m13">qa.tests.AssertTests2#arraysFailures_2</h3><table class="result"><tr><th>Expected Exception</th></tr><tr><td><div class="stacktrace">java.lang.AssertionError: expected [1] but found [[I@1c3d56bb]
	at qa.tests.AssertTests2.arraysFailures_2(AssertTests2.java:63)
	at java.util.concurrent.ThreadPoolExecutor.runWorker(ThreadPoolExecutor.java:1142)
	at java.util.concurrent.ThreadPoolExecutor$Worker.run(ThreadPoolExecutor.java:617)
	at java.lang.Thread.run(Thread.java:745)
... Removed 14 stack frames</div></td></tr></table><p class="totop"><a href="#summary">back to summary</a></p><h3 id="m14">qa.tests.AssertTests2#arraysFailures_3</h3><table class="result"><tr><th>Expected Exception</th></tr><tr><td><div class="stacktrace">java.lang.AssertionError: expected [[J@3492cd30] but found [1]
	at qa.tests.AssertTests2.arraysFailures_3(AssertTests2.java:70)
	at java.util.concurrent.ThreadPoolExecutor.runWorker(ThreadPoolExecutor.java:1142)
	at java.util.concurrent.ThreadPoolExecutor$Worker.run(ThreadPoolExecutor.java:617)
	at java.lang.Thread.run(Thread.java:745)
... Removed 15 stack frames</div></td></tr></table><p class="totop"><a href="#summary">back to summary</a></p><h3 id="m15">qa.tests.AssertTests2#intArray_Issue4</h3><table class="result"></table><p class="totop"><a href="#summary">back to summary</a></p><h3 id="m16">qa.tests.AssertTests2#int_Integer_Arrays</h3><table class="result"></table><p class="totop"><a href="#summary">back to summary</a></p><h3 id="m17">qa.tests.AssertTests2#noOrderFailure</h3><table class="result"><tr><th>Expected Exception</th></tr><tr><td><div class="stacktrace">java.lang.AssertionError: Arrays not equal: [a, b, b] and [a, a, b]
	at qa.tests.AssertTests2.noOrderFailure(AssertTests2.java:31)
	at java.util.concurrent.ThreadPoolExecutor.runWorker(ThreadPoolExecutor.java:1142)
	at java.util.concurrent.ThreadPoolExecutor$Worker.run(ThreadPoolExecutor.java:617)
	at java.lang.Thread.run(Thread.java:745)
... Removed 14 stack frames</div></td></tr></table><p class="totop"><a href="#summary">back to summary</a></p><h3 id="m18">qa.tests.AssertTests2#noOrderSuccess</h3><table class="result"></table><p class="totop"><a href="#summary">back to summary</a></p><h3 id="m19">qa.tests.AssertTests2#setsSuccess</h3><table class="result"></table><p class="totop"><a href="#summary">back to summary</a></p><h3 id="m20">qa.tests.FailTest#setsSuccess</h3><table class="result"></table><p class="totop"><a href="#summary">back to summary</a></p><h3 id="m21">qa.tests.SkipTest#setsSuccess</h3><table class="result"></table><p class="totop"><a href="#summary">back to summary</a></p></body></html>