<?xml version="1.0" encoding="UTF-8"?>
<testsuite name="TestSuite" time="16.191" tests="22" errors="0" skipped="3" failures="1">
  <properties>
    <property name="idea.version" value="13.1.2"/>
    <property name="java.runtime.name" value="Java(TM) SE Runtime Environment"/>
    <property name="sun.boot.library.path" value="C:\Java\jdk1.8.0_05\jre\bin"/>
    <property name="java.vm.version" value="25.5-b02"/>
    <property name="java.vm.vendor" value="Oracle Corporation"/>
    <property name="java.vendor.url" value="http://java.oracle.com/"/>
    <property name="path.separator" value=";"/>
    <property name="guice.disable.misplaced.annotation.check" value="true"/>
    <property name="java.vm.name" value="Java HotSpot(TM) 64-Bit Server VM"/>
    <property name="file.encoding.pkg" value="sun.io"/>
    <property name="idea.launcher.port" value="7542"/>
    <property name="user.script" value=""/>
    <property name="user.country" value="US"/>
    <property name="sun.java.launcher" value="SUN_STANDARD"/>
    <property name="sun.os.patch.level" value=""/>
    <property name="java.vm.specification.name" value="Java Virtual Machine Specification"/>
    <property name="user.dir" value="C:\Users\austenjt\IdeaProjects\testng-custom-report-example"/>
    <property name="java.runtime.version" value="1.8.0_05-b13"/>
    <property name="java.awt.graphicsenv" value="sun.awt.Win32GraphicsEnvironment"/>
    <property name="java.endorsed.dirs" value="C:\Java\jdk1.8.0_05\jre\lib\endorsed"/>
    <property name="os.arch" value="amd64"/>
    <property name="java.io.tmpdir" value="C:\Users\austenjt\AppData\Local\Temp\"/>
    <property name="line.separator" value="&#10;"/>
    <property name="java.vm.specification.vendor" value="Oracle Corporation"/>
    <property name="user.variant" value=""/>
    <property name="os.name" value="Windows 8.1"/>
    <property name="classworlds.conf" value="C:\Dropbox\JAVA\apache-maven-3.1.1\bin\m2.conf"/>
    <property name="sun.jnu.encoding" value="Cp1252"/>
    <property name="java.library.path" value="C:\Java\jdk1.8.0_05\bin;C:\WINDOWS\Sun\Java\bin;C:\WINDOWS\system32;C:\WINDOWS;C:\Program Files (x86)\NVIDIA Corporation\PhysX\Common;C:\Dropbox\Java64\jdk1.7.0_45_x64\bin;C:\Program Files (x86)\Intel\iCLS Client\;C:\Program Files\Intel\iCLS Client\;C:\Program Files\Broadcom\Broadcom 802.11 Network Adapter\Driver;C:\WINDOWS\system32;C:\WINDOWS;C:\WINDOWS\System32\Wbem;C:\WINDOWS\System32\WindowsPowerShell\v1.0\;C:\Program Files (x86)\Intel\OpenCL SDK\3.0\bin\x86;C:\Program Files (x86)\Intel\OpenCL SDK\3.0\bin\x64;C:\Program Files\Intel\Intel(R) Management Engine Components\DAL;C:\Program Files\Intel\Intel(R) Management Engine Components\IPT;C:\Program Files (x86)\Intel\Intel(R) Management Engine Components\DAL;C:\Program Files (x86)\Intel\Intel(R) Management Engine Components\IPT;C:\Program Files\WIDCOMM\Bluetooth Software\;C:\Program Files\WIDCOMM\Bluetooth Software\syswow64;C:\Dropbox\JAVA\gradle-1.9\bin;C:\Dropbox\JAVA\groovy-2.2.1\bin;C:\Dropbox\JAVA\apache-maven-3.1.1\bin;C:\Program Files (x86)\Git\bin;C:\Program Files (x86)\Git\cmd;."/>
    <property name="java.specification.name" value="Java Platform API Specification"/>
    <property name="java.class.version" value="52.0"/>
    <property name="sun.management.compiler" value="HotSpot 64-Bit Tiered Compilers"/>
    <property name="os.version" value="6.3"/>
    <property name="user.home" value="C:\Users\austenjt"/>
    <property name="user.timezone" value="America/Los_Angeles"/>
    <property name="java.awt.printerjob" value="sun.awt.windows.WPrinterJob"/>
    <property name="java.specification.version" value="1.8"/>
    <property name="idea.launcher.bin.path" value="C:\IntelliJ-IDEA\bin"/>
    <property name="file.encoding" value="UTF-8"/>
    <property name="user.name" value="austenjt"/>
    <property name="java.class.path" value="C:\Dropbox\JAVA\apache-maven-3.1.1\boot\plexus-classworlds-2.5.1.jar;C:\IntelliJ-IDEA\lib\idea_rt.jar"/>
    <property name="org.slf4j.simpleLogger.defaultLogLevel" value="info"/>
    <property name="java.vm.specification.version" value="1.8"/>
    <property name="sun.arch.data.model" value="64"/>
    <property name="java.home" value="C:\Java\jdk1.8.0_05\jre"/>
    <property name="sun.java.command" value="com.intellij.rt.execution.application.AppMain org.codehaus.classworlds.Launcher -Didea.version=13.1.2 clean compile test-compile test"/>
    <property name="java.specification.vendor" value="Oracle Corporation"/>
    <property name="user.language" value="en"/>
    <property name="awt.toolkit" value="sun.awt.windows.WToolkit"/>
    <property name="java.vm.info" value="mixed mode"/>
    <property name="java.version" value="1.8.0_05"/>
    <property name="java.ext.dirs" value="C:\Java\jdk1.8.0_05\jre\lib\ext;C:\WINDOWS\Sun\Java\lib\ext"/>
    <property name="sun.boot.class.path" value="C:\Java\jdk1.8.0_05\jre\lib\resources.jar;C:\Java\jdk1.8.0_05\jre\lib\rt.jar;C:\Java\jdk1.8.0_05\jre\lib\sunrsasign.jar;C:\Java\jdk1.8.0_05\jre\lib\jsse.jar;C:\Java\jdk1.8.0_05\jre\lib\jce.jar;C:\Java\jdk1.8.0_05\jre\lib\charsets.jar;C:\Java\jdk1.8.0_05\jre\lib\jfr.jar;C:\Java\jdk1.8.0_05\jre\classes"/>
    <property name="java.vendor" value="Oracle Corporation"/>
    <property name="maven.home" value="C:\Dropbox\JAVA\apache-maven-3.1.1"/>
    <property name="file.separator" value="\"/>
    <property name="java.vendor.url.bug" value="http://bugreport.sun.com/bugreport/"/>
    <property name="sun.cpu.endian" value="little"/>
    <property name="sun.io.unicode.encoding" value="UnicodeLittle"/>
    <property name="sun.desktop" value="windows"/>
    <property name="sun.cpu.isalist" value="amd64"/>
  </properties>
  <testcase name="ff5234d7" classname="qa.tests.BeforeTestSkip" time="0">
    <skipped/>
    <system-out><![CDATA[...
... TestNG 6.8.9beta by Cédric Beust (cedric@beust.com)
...

]]></system-out>
  </testcase>
  <testcase name="ff5234d7" classname="qa.tests.BeforeTestSkip" time="0">
    <skipped/>
  </testcase>
  <testcase name="04fa21b6" classname="qa.tests.AssertTests2" time="1.402"/>
  <testcase name="2b4aff5e" classname="qa.tests.SkipTest" time="0.753"/>
  <testcase name="b5a80be1" classname="qa.tests.FailTest" time="0.041"/>
  <testcase name="3dbba23a" classname="qa.tests.AssertTests1" time="0.444"/>
  <testcase name="9e730663" classname="qa.tests.AssertTests1" time="1.096"/>
  <testcase name="7c82c68d" classname="qa.tests.SkipTest" time="0">
    <skipped/>
  </testcase>
  <testcase name="d9e7f7b4" classname="qa.tests.AssertTests2" time="0.5"/>
  <testcase name="d0582064" classname="qa.tests.FailTest" time="0.632">
    <failure type="java.lang.AssertionError:">java.lang.AssertionError: null
	at org.testng.Assert.fail(Assert.java:94)
	at org.testng.Assert.fail(Assert.java:101)
	at qa.tests.FailTest.showFailure(FailTest.java:40)
</failure>
  </testcase>
  <testcase name="d1255a84" classname="qa.tests.AssertTests2" time="1.665"/>
  <testcase name="3c66d63d" classname="qa.tests.AssertTests1" time="0.425"/>
  <testcase name="302ec3c7" classname="qa.tests.AssertTests1" time="0.537"/>
  <testcase name="6fdd3587" classname="qa.tests.AssertTests2" time="0.739"/>
  <testcase name="3105944b" classname="qa.tests.AssertTests1" time="0.164"/>
  <testcase name="8074b68c" classname="qa.tests.AssertTests2" time="0.534"/>
  <testcase name="bfc188c7" classname="qa.tests.AssertTests1" time="0.18"/>
  <testcase name="7cd1882b" classname="qa.tests.AssertTests2" time="1.32"/>
  <testcase name="348b5c7f" classname="qa.tests.AssertTests1" time="1.391"/>
  <testcase name="03587128" classname="qa.tests.AssertTests1" time="0.803"/>
  <testcase name="38f3ed33" classname="qa.tests.AssertTests2" time="0.99"/>
  <testcase name="10a179eb" classname="qa.tests.AssertTests2" time="2.575"/>
</testsuite>